This file contains any messages produced by compilers while
running configure, to aid debugging if configure makes a mistake.

It was created by configure, which was
generated by GNU Autoconf 2.57.  Invocation command line was

  $ ./configure --disable-shared --prefix=/Users/julienvincenot/PWGL-User/User-library/sdif/

## --------- ##
## Platform. ##
## --------- ##

hostname = JV-MBP-Retina.local
uname -m = x86_64
uname -r = 14.3.0
uname -s = Darwin
uname -v = Darwin Kernel Version 14.3.0: Mon Mar 23 11:59:05 PDT 2015; root:xnu-2782.20.48~5/RELEASE_X86_64

/usr/bin/uname -p = i386
/bin/uname -X     = unknown

/bin/arch              = unknown
/usr/bin/arch -k       = unknown
/usr/convex/getsysinfo = unknown
hostinfo               = Mach kernel version:
	 Darwin Kernel Version 14.3.0: Mon Mar 23 11:59:05 PDT 2015; root:xnu-2782.20.48~5/RELEASE_X86_64
Kernel configured for up to 8 processors.
4 processors are physically available.
8 processors are logically available.
Processor type: x86_64h (Intel x86-64h Haswell)
Processors active: 0 1 2 3 4 5 6 7
Primary memory available: 16.00 gigabytes
Default processor set: 268 tasks, 1359 threads, 8 processors
Load average: 1.41, Mach factor: 6.58
/bin/machine           = unknown
/usr/bin/oslevel       = unknown
/bin/universe          = unknown

PATH: /usr/bin
PATH: /bin
PATH: /usr/sbin
PATH: /sbin


## ----------- ##
## Core tests. ##
## ----------- ##

configure:1455: result: PACKAGE NAME AND VERSION
configure:1514: checking for a BSD-compatible install
configure:1568: result: /usr/bin/install -c
configure:1579: checking whether build environment is sane
configure:1622: result: yes
configure:1655: checking for gawk
configure:1684: result: no
configure:1655: checking for mawk
configure:1684: result: no
configure:1655: checking for nawk
configure:1684: result: no
configure:1655: checking for awk
configure:1671: found /usr/bin/awk
configure:1681: result: awk
configure:1691: checking whether make sets $(MAKE)
configure:1711: result: yes
configure:1910: checking for gcc
configure:1926: found /usr/bin/gcc
configure:1936: result: gcc
configure:2180: checking for C compiler version
configure:2183: gcc --version </dev/null >&5
Configured with: --prefix=/Applications/Xcode.app/Contents/Developer/usr --with-gxx-include-dir=/usr/include/c++/4.2.1
Apple LLVM version 6.1.0 (clang-602.0.49) (based on LLVM 3.6.0svn)
Target: x86_64-apple-darwin14.3.0
Thread model: posix
configure:2186: $? = 0
configure:2188: gcc -v </dev/null >&5
Configured with: --prefix=/Applications/Xcode.app/Contents/Developer/usr --with-gxx-include-dir=/usr/include/c++/4.2.1
Apple LLVM version 6.1.0 (clang-602.0.49) (based on LLVM 3.6.0svn)
Target: x86_64-apple-darwin14.3.0
Thread model: posix
configure:2191: $? = 0
configure:2193: gcc -V </dev/null >&5
clang: error: argument to '-V' is missing (expected 1 value)
clang: error: no input files
configure:2196: $? = 1
configure:2220: checking for C compiler default output
configure:2223: gcc    conftest.c  >&5
configure:2226: $? = 0
configure:2272: result: a.out
configure:2277: checking whether the C compiler works
configure:2283: ./a.out
configure:2286: $? = 0
configure:2303: result: yes
configure:2310: checking whether we are cross compiling
configure:2312: result: no
configure:2315: checking for suffix of executables
configure:2317: gcc -o conftest    conftest.c  >&5
configure:2320: $? = 0
configure:2345: result: 
configure:2351: checking for suffix of object files
configure:2373: gcc -c   conftest.c >&5
configure:2376: $? = 0
configure:2398: result: o
configure:2402: checking whether we are using the GNU C compiler
configure:2427: gcc -c   conftest.c >&5
configure:2430: $? = 0
configure:2433: test -s conftest.o
configure:2436: $? = 0
configure:2449: result: yes
configure:2455: checking whether gcc accepts -g
configure:2477: gcc -c -g  conftest.c >&5
configure:2480: $? = 0
configure:2483: test -s conftest.o
configure:2486: $? = 0
configure:2497: result: yes
configure:2514: checking for gcc option to accept ANSI C
configure:2575: gcc  -c -g -O2  conftest.c >&5
configure:2578: $? = 0
configure:2581: test -s conftest.o
configure:2584: $? = 0
configure:2602: result: none needed
configure:2620: gcc -c -g -O2  conftest.c >&5
conftest.c:2:3: error: unknown type name 'choke'
  choke me
  ^
conftest.c:2:11: error: expected ';' after top level declarator
  choke me
          ^
          ;
2 errors generated.
configure:2623: $? = 1
configure: failed program was:
| #ifndef __cplusplus
|   choke me
| #endif
configure:2751: checking for style of include used by make
configure:2779: result: GNU
configure:2807: checking dependency style of gcc
configure:2869: result: gcc3
configure:2886: checking for a BSD-compatible install
configure:2940: result: /usr/bin/install -c
configure:2992: checking for ranlib
configure:3008: found /usr/bin/ranlib
configure:3019: result: ranlib
configure:3104: checking build system type
configure:3122: result: i686-apple-darwin14.3.0
configure:3130: checking host system type
configure:3144: result: i686-apple-darwin14.3.0
configure:3174: checking for ld used by GCC
configure:3237: result: /Applications/Xcode.app/Contents/Developer/Toolchains/XcodeDefault.xctoolchain/usr/bin/ld
configure:3246: checking if the linker (/Applications/Xcode.app/Contents/Developer/Toolchains/XcodeDefault.xctoolchain/usr/bin/ld) is GNU ld
configure:3258: result: no
configure:3263: checking for /Applications/Xcode.app/Contents/Developer/Toolchains/XcodeDefault.xctoolchain/usr/bin/ld option to reload object files
configure:3270: result: -r
configure:3275: checking for BSD-compatible nm
configure:3311: result: /usr/bin/nm
configure:3314: checking for a sed that does not truncate output
configure:3396: result: /usr/bin/sed
configure:3399: checking whether ln -s works
configure:3403: result: yes
configure:3410: checking how to recognise dependent libraries
configure:3591: result: file_magic Mach-O dynamically linked shared library
configure:3604: checking command to parse /usr/bin/nm output
configure:3688: gcc -c -g -O2  conftest.c >&5
configure:3691: $? = 0
configure:3695: /usr/bin/nm conftest.o \| sed -n -e 's/^.*[ 	]\([BCDEGRST][BCDEGRST]*\)[ 	][ 	]*\(\)\([_A-Za-z][_A-Za-z0-9]*\)$/\1 \2\3 \3/p' \> conftest.nm
configure:3698: $? = 0
cannot find nm_test_var in conftest.nm
configure:3688: gcc -c -g -O2  conftest.c >&5
configure:3691: $? = 0
configure:3695: /usr/bin/nm conftest.o \| sed -n -e 's/^.*[ 	]\([BCDEGRST][BCDEGRST]*\)[ 	][ 	]*\(_\)\([_A-Za-z][_A-Za-z0-9]*\)$/\1 \2\3 \3/p' \> conftest.nm
configure:3698: $? = 0
configure:3750: gcc -o conftest -g -O2   conftest.c conftstm.o >&5
configure:3753: $? = 0
configure:3797: result: ok
configure:3806: checking how to run the C preprocessor
configure:3842: gcc -E  conftest.c
configure:3848: $? = 0
configure:3880: gcc -E  conftest.c
configure:3881:10: fatal error: 'ac_nonexistent.h' file not found
#include <ac_nonexistent.h>
         ^
1 error generated.
configure:3886: $? = 1
configure: failed program was:
| #line 3871 "configure"
| /* confdefs.h.  */
| 
| #define PACKAGE_NAME ""
| #define PACKAGE_TARNAME ""
| #define PACKAGE_VERSION ""
| #define PACKAGE_STRING ""
| #define PACKAGE_BUGREPORT ""
| #define PACKAGE "SDIF"
| #define VERSION "3.10.5"
| /* end confdefs.h.  */
| #include <ac_nonexistent.h>
configure:3924: result: gcc -E
configure:3949: gcc -E  conftest.c
configure:3955: $? = 0
configure:3987: gcc -E  conftest.c
configure:3988:10: fatal error: 'ac_nonexistent.h' file not found
#include <ac_nonexistent.h>
         ^
1 error generated.
configure:3993: $? = 1
configure: failed program was:
| #line 3978 "configure"
| /* confdefs.h.  */
| 
| #define PACKAGE_NAME ""
| #define PACKAGE_TARNAME ""
| #define PACKAGE_VERSION ""
| #define PACKAGE_STRING ""
| #define PACKAGE_BUGREPORT ""
| #define PACKAGE "SDIF"
| #define VERSION "3.10.5"
| /* end confdefs.h.  */
| #include <ac_nonexistent.h>
configure:4036: checking for egrep
configure:4046: result: grep -E
configure:4051: checking for ANSI C header files
configure:4077: gcc -c -g -O2  conftest.c >&5
configure:4080: $? = 0
configure:4083: test -s conftest.o
configure:4086: $? = 0
configure:4178: gcc -o conftest -g -O2   conftest.c  >&5
configure:4173:7: warning: implicitly declaring library function 'exit' with type 'void (int) __attribute__((noreturn))'
      exit(2);
      ^
configure:4173:7: note: include the header <stdlib.h> or explicitly provide a declaration for 'exit'
1 warning generated.
configure:4181: $? = 0
configure:4183: ./conftest
configure:4186: $? = 0
configure:4201: result: yes
configure:4225: checking for sys/types.h
configure:4242: gcc -c -g -O2  conftest.c >&5
configure:4245: $? = 0
configure:4248: test -s conftest.o
configure:4251: $? = 0
configure:4262: result: yes
configure:4225: checking for sys/stat.h
configure:4242: gcc -c -g -O2  conftest.c >&5
configure:4245: $? = 0
configure:4248: test -s conftest.o
configure:4251: $? = 0
configure:4262: result: yes
configure:4225: checking for stdlib.h
configure:4242: gcc -c -g -O2  conftest.c >&5
configure:4245: $? = 0
configure:4248: test -s conftest.o
configure:4251: $? = 0
configure:4262: result: yes
configure:4225: checking for string.h
configure:4242: gcc -c -g -O2  conftest.c >&5
configure:4245: $? = 0
configure:4248: test -s conftest.o
configure:4251: $? = 0
configure:4262: result: yes
configure:4225: checking for memory.h
configure:4242: gcc -c -g -O2  conftest.c >&5
configure:4245: $? = 0
configure:4248: test -s conftest.o
configure:4251: $? = 0
configure:4262: result: yes
configure:4225: checking for strings.h
configure:4242: gcc -c -g -O2  conftest.c >&5
configure:4245: $? = 0
configure:4248: test -s conftest.o
configure:4251: $? = 0
configure:4262: result: yes
configure:4225: checking for inttypes.h
configure:4242: gcc -c -g -O2  conftest.c >&5
configure:4245: $? = 0
configure:4248: test -s conftest.o
configure:4251: $? = 0
configure:4262: result: yes
configure:4225: checking for stdint.h
configure:4242: gcc -c -g -O2  conftest.c >&5
configure:4245: $? = 0
configure:4248: test -s conftest.o
configure:4251: $? = 0
configure:4262: result: yes
configure:4225: checking for unistd.h
configure:4242: gcc -c -g -O2  conftest.c >&5
configure:4245: $? = 0
configure:4248: test -s conftest.o
configure:4251: $? = 0
configure:4262: result: yes
configure:4288: checking dlfcn.h usability
configure:4301: gcc -c -g -O2  conftest.c >&5
configure:4304: $? = 0
configure:4307: test -s conftest.o
configure:4310: $? = 0
configure:4320: result: yes
configure:4324: checking dlfcn.h presence
configure:4335: gcc -E  conftest.c
configure:4341: $? = 0
configure:4360: result: yes
configure:4396: checking for dlfcn.h
configure:4403: result: yes
configure:4601: checking for ranlib
configure:4628: result: ranlib
configure:4681: checking for strip
configure:4697: found /usr/bin/strip
configure:4708: result: strip
configure:4918: checking for objdir
configure:4929: result: .libs
configure:4946: checking for gcc option to produce PIC
configure:5092: result: -fno-common
configure:5096: checking if gcc PIC flag -fno-common works
configure:5120: gcc -c -g -O2 -fno-common -DPIC  conftest.c >&5
configure:5123: $? = 0
configure:5126: test -s conftest.o
configure:5129: $? = 0
configure:5167: result: yes
configure:5183: checking if gcc static flag -static works
configure:5208: gcc -o conftest -g -O2   -static conftest.c  >&5
ld: library not found for -lcrt0.o
clang: error: linker command failed with exit code 1 (use -v to see invocation)
configure:5211: $? = 1
configure: failed program was:
| #line 5191 "configure"
| /* confdefs.h.  */
| 
| #define PACKAGE_NAME ""
| #define PACKAGE_TARNAME ""
| #define PACKAGE_VERSION ""
| #define PACKAGE_STRING ""
| #define PACKAGE_BUGREPORT ""
| #define PACKAGE "SDIF"
| #define VERSION "3.10.5"
| #define STDC_HEADERS 1
| #define HAVE_SYS_TYPES_H 1
| #define HAVE_SYS_STAT_H 1
| #define HAVE_STDLIB_H 1
| #define HAVE_STRING_H 1
| #define HAVE_MEMORY_H 1
| #define HAVE_STRINGS_H 1
| #define HAVE_INTTYPES_H 1
| #define HAVE_STDINT_H 1
| #define HAVE_UNISTD_H 1
| #define HAVE_DLFCN_H 1
| /* end confdefs.h.  */
| 
| int
| main ()
| {
| 
|   ;
|   return 0;
| }
configure:5233: result: no
configure:5245: checking if gcc supports -c -o file.o
configure:5265: gcc -c -g -O2 -o out/conftest2.o  conftest.c >&5
configure:5289: result: yes
configure:5294: checking if gcc supports -c -o file.lo
configure:5322: gcc -c -g -O2 -c -o conftest.lo  conftest.c >&5
configure:5325: $? = 0
configure:5328: test -s conftest.lo
configure:5331: $? = 0
configure:5353: result: yes
configure:5384: checking if gcc supports -fno-rtti -fno-exceptions
configure:5407: gcc -c -g -O2 -fno-rtti -fno-exceptions -c conftest.c  conftest.c >&5
configure:5410: $? = 0
configure:5413: test -s conftest.o
configure:5416: $? = 0
configure:5433: result: yes
configure:5444: checking whether the linker (/Applications/Xcode.app/Contents/Developer/Toolchains/XcodeDefault.xctoolchain/usr/bin/ld) supports shared libraries
configure:6139: result: yes
configure:6144: checking how to hardcode library paths into programs
configure:6168: result: unsupported
configure:6173: checking whether stripping libraries is possible
configure:6181: result: no
configure:6189: checking dynamic linker characteristics
configure:6620: result: darwin14.3.0 dyld
configure:6625: checking if libtool supports shared libraries
configure:6627: result: yes
configure:6630: checking whether to build shared libraries
configure:6651: result: no
configure:6654: checking whether to build static libraries
configure:6658: result: yes
configure:7948: result: CHECK FOR HEADERS
configure:7950: checking for ANSI C header files
configure:8100: result: yes
configure:8116: checking for sys/types.h
configure:8121: result: yes
configure:8116: checking for sys/stat.h
configure:8121: result: yes
configure:8267: checking errno.h usability
configure:8280: gcc -c -g -O2  conftest.c >&5
configure:8283: $? = 0
configure:8286: test -s conftest.o
configure:8289: $? = 0
configure:8299: result: yes
configure:8303: checking errno.h presence
configure:8314: gcc -E  conftest.c
configure:8320: $? = 0
configure:8339: result: yes
configure:8375: checking for errno.h
configure:8382: result: yes
configure:8400: checking for unistd.h
configure:8405: result: yes
configure:8541: checking for getenv
configure:8591: gcc -o conftest -g -O2   conftest.c  >&5
configure:8594: $? = 0
configure:8597: test -s conftest
configure:8600: $? = 0
configure:8611: result: yes
configure:8641: result: PARTICULAR COMPILER CHARACTERISTICS
configure:8643: checking whether byte ordering is bigendian
configure:8671: gcc -c -g -O2  conftest.c >&5
configure:8674: $? = 0
configure:8677: test -s conftest.o
configure:8680: $? = 0
configure:8705: gcc -c -g -O2  conftest.c >&5
configure:8717:2: error: use of undeclared identifier 'not'
 not big endian
 ^
1 error generated.
configure:8708: $? = 1
configure: failed program was:
| #line 8683 "configure"
| /* confdefs.h.  */
| 
| #define PACKAGE_NAME ""
| #define PACKAGE_TARNAME ""
| #define PACKAGE_VERSION ""
| #define PACKAGE_STRING ""
| #define PACKAGE_BUGREPORT ""
| #define PACKAGE "SDIF"
| #define VERSION "3.10.5"
| #define STDC_HEADERS 1
| #define HAVE_SYS_TYPES_H 1
| #define HAVE_SYS_STAT_H 1
| #define HAVE_STDLIB_H 1
| #define HAVE_STRING_H 1
| #define HAVE_MEMORY_H 1
| #define HAVE_STRINGS_H 1
| #define HAVE_INTTYPES_H 1
| #define HAVE_STDINT_H 1
| #define HAVE_UNISTD_H 1
| #define HAVE_DLFCN_H 1
| #define STDC_HEADERS 1
| #define HAVE_SYS_TYPES_H 1
| #define HAVE_SYS_STAT_H 1
| #define HAVE_ERRNO_H 1
| #define HAVE_UNISTD_H 1
| #define HAVE_GETENV 1
| /* end confdefs.h.  */
| #include <sys/types.h>
| #include <sys/param.h>
| 
| int
| main ()
| {
| #if BYTE_ORDER != BIG_ENDIAN
|  not big endian
| #endif
| 
|   ;
|   return 0;
| }
configure:8828: result: no
configure:8847: checking for long
configure:8872: gcc -c -g -O2  conftest.c >&5
configure:8875: $? = 0
configure:8878: test -s conftest.o
configure:8881: $? = 0
configure:8892: result: yes
configure:8895: checking size of long
configure:9170: gcc -o conftest -g -O2   conftest.c  >&5
configure:9173: $? = 0
configure:9175: ./conftest
configure:9178: $? = 0
configure:9201: result: 8
configure:9789: checking for ftruncate
configure:9839: gcc -o conftest  -O3   conftest.c  >&5
configure:9842: $? = 0
configure:9845: test -s conftest
configure:9848: $? = 0
configure:9859: result: yes
configure:9873: checking pthreads requested
configure:10325: result: yes
configure:10509: checking for the pthreads library -lpthreads
configure:10548: gcc -o conftest  -O3    conftest.c -lpthreads  >&5
ld: library not found for -lpthreads
clang: error: linker command failed with exit code 1 (use -v to see invocation)
configure:10551: $? = 1
configure: failed program was:
| #line 10529 "configure"
| /* confdefs.h.  */
| 
| #define PACKAGE_NAME ""
| #define PACKAGE_TARNAME ""
| #define PACKAGE_VERSION ""
| #define PACKAGE_STRING ""
| #define PACKAGE_BUGREPORT ""
| #define PACKAGE "SDIF"
| #define VERSION "3.10.5"
| #define STDC_HEADERS 1
| #define HAVE_SYS_TYPES_H 1
| #define HAVE_SYS_STAT_H 1
| #define HAVE_STDLIB_H 1
| #define HAVE_STRING_H 1
| #define HAVE_MEMORY_H 1
| #define HAVE_STRINGS_H 1
| #define HAVE_INTTYPES_H 1
| #define HAVE_STDINT_H 1
| #define HAVE_UNISTD_H 1
| #define HAVE_DLFCN_H 1
| #define STDC_HEADERS 1
| #define HAVE_SYS_TYPES_H 1
| #define HAVE_SYS_STAT_H 1
| #define HAVE_ERRNO_H 1
| #define HAVE_UNISTD_H 1
| #define HAVE_GETENV 1
| #define SIZEOF_LONG 8
| #define HAVE_FTRUNCATE 1
| /* end confdefs.h.  */
| #include <pthread.h>
| int
| main ()
| {
| pthread_t th; pthread_join(th, 0);
|                      pthread_attr_init(0); pthread_cleanup_push(0, 0);
|                      pthread_create(0,0,0,0); pthread_cleanup_pop(0);
|   ;
|   return 0;
| }
configure:10570: result: no
configure:10456: checking whether pthreads work without any flags
configure:10548: gcc -o conftest  -O3    conftest.c   >&5
configure:10551: $? = 0
configure:10554: test -s conftest
configure:10557: $? = 0
configure:10570: result: yes
configure:10590: checking for joinable pthread attribute
configure:10609: gcc -o conftest  -O3    conftest.c   >&5
configure:10612: $? = 0
configure:10615: test -s conftest
configure:10618: $? = 0
configure:10673: result: PTHREAD_CREATE_JOINABLE
configure:10680: checking if more special flags are required for pthreads
configure:10687: result: -D_THREAD_SAFE
configure:10699: checking for cc_r
configure:10726: result: gcc
configure:10770: result: CREATE OUTPUT FILES
configure:10904: creating ./config.status

## ---------------------- ##
## Running config.status. ##
## ---------------------- ##

This file was extended by config.status, which was
generated by GNU Autoconf 2.57.  Invocation command line was

  CONFIG_FILES    = 
  CONFIG_HEADERS  = 
  CONFIG_LINKS    = 
  CONFIG_COMMANDS = 
  $ ./config.status 

on JV-MBP-Retina.local

config.status:702: creating Makefile
config.status:702: creating sdif/Makefile
config.status:702: creating sdifcpp/Makefile
config.status:702: creating tools/Makefile
config.status:702: creating data/Makefile
config.status:702: creating include/Makefile
config.status:702: creating include/sdif_version.h
config.status:702: creating doc/Makefile
config.status:702: creating doc/pics/Makefile
config.status:702: creating doc/extern/Makefile
config.status:702: creating doc/extern/cocoon/Makefile
config.status:702: creating test/Makefile
config.status:702: creating test/files/Makefile
config.status:702: creating test/files/txt/Makefile
config.status:702: creating test/files/sdif/Makefile
config.status:702: creating test/files/txtw/Makefile
config.status:702: creating test/files/sdifw/Makefile
config.status:702: creating test/files/sdifref/Makefile
config.status:702: creating macosxbuild/Makefile
config.status:702: creating macosxbuild/SDIF.pbproj/Makefile
config.status:702: creating macosxbuild/SDIF.xcode/Makefile
config.status:702: creating sdif.pc
config.status:702: creating sdif.spec
config.status:806: creating sdif/config.h
config.status:931: sdif/config.h is unchanged
config.status:1037: executing depfiles commands
configure:12135: result: END OF SDIF CONFIGURATION

## ---------------- ##
## Cache variables. ##
## ---------------- ##

ac_cv_build=i686-apple-darwin14.3.0
ac_cv_build_alias=i686-apple-darwin14.3.0
ac_cv_c_bigendian=no
ac_cv_c_compiler_gnu=yes
ac_cv_env_CC_set=
ac_cv_env_CC_value=
ac_cv_env_CFLAGS_set=
ac_cv_env_CFLAGS_value=
ac_cv_env_CPPFLAGS_set=
ac_cv_env_CPPFLAGS_value=
ac_cv_env_CPP_set=
ac_cv_env_CPP_value=
ac_cv_env_CXXFLAGS_set=
ac_cv_env_CXXFLAGS_value=
ac_cv_env_CXX_set=
ac_cv_env_CXX_value=
ac_cv_env_LDFLAGS_set=
ac_cv_env_LDFLAGS_value=
ac_cv_env_build_alias_set=
ac_cv_env_build_alias_value=
ac_cv_env_host_alias_set=
ac_cv_env_host_alias_value=
ac_cv_env_target_alias_set=
ac_cv_env_target_alias_value=
ac_cv_exeext=
ac_cv_func_ftruncate=yes
ac_cv_func_getenv=yes
ac_cv_header_dlfcn_h=yes
ac_cv_header_errno_h=yes
ac_cv_header_inttypes_h=yes
ac_cv_header_memory_h=yes
ac_cv_header_stdc=yes
ac_cv_header_stdint_h=yes
ac_cv_header_stdlib_h=yes
ac_cv_header_string_h=yes
ac_cv_header_strings_h=yes
ac_cv_header_sys_stat_h=yes
ac_cv_header_sys_types_h=yes
ac_cv_header_unistd_h=yes
ac_cv_host=i686-apple-darwin14.3.0
ac_cv_host_alias=i686-apple-darwin14.3.0
ac_cv_objext=o
ac_cv_path_install='/usr/bin/install -c'
ac_cv_prog_AWK=awk
ac_cv_prog_CPP='gcc -E'
ac_cv_prog_PTHREAD_CC=gcc
ac_cv_prog_ac_ct_CC=gcc
ac_cv_prog_ac_ct_RANLIB=ranlib
ac_cv_prog_ac_ct_STRIP=strip
ac_cv_prog_cc_g=yes
ac_cv_prog_cc_stdc=
ac_cv_prog_egrep='grep -E'
ac_cv_prog_make_make_set=yes
ac_cv_sizeof_long=8
ac_cv_type_long=yes
am_cv_CC_dependencies_compiler_type=gcc3
lt_cv_compiler_c_o=yes
lt_cv_compiler_o_lo=yes
lt_cv_deplibs_check_method='file_magic Mach-O dynamically linked shared library'
lt_cv_file_magic_cmd='/usr/bin/file -L'
lt_cv_file_magic_test_file=/usr/lib/libSystem.dylib
lt_cv_global_symbol_to_c_name_address='sed -n -e '\''s/^: \([^ ]*\) $/  {\"\1\", (lt_ptr) 0},/p'\'' -e '\''s/^[BCDEGRST] \([^ ]*\) \([^ ]*\)$/  {"\2", (lt_ptr) \&\2},/p'\'''
lt_cv_global_symbol_to_cdecl='sed -n -e '\''s/^. .* \(.*\)$/extern char \1;/p'\'''
lt_cv_ld_reload_flag=-r
lt_cv_path_LD=/Applications/Xcode.app/Contents/Developer/Toolchains/XcodeDefault.xctoolchain/usr/bin/ld
lt_cv_path_NM=/usr/bin/nm
lt_cv_path_SED=/usr/bin/sed
lt_cv_prog_cc_can_build_shared=yes
lt_cv_prog_cc_no_builtin=
lt_cv_prog_cc_pic=' -fno-common'
lt_cv_prog_cc_pic_works=yes
lt_cv_prog_cc_shlib=
lt_cv_prog_cc_static=
lt_cv_prog_cc_static_works=no
lt_cv_prog_cc_wl=-Wl,
lt_cv_prog_gnu_ld=no
lt_cv_sys_global_symbol_pipe='sed -n -e '\''s/^.*[ 	]\([BCDEGRST][BCDEGRST]*\)[ 	][ 	]*\(_\)\([_A-Za-z][_A-Za-z0-9]*\)$/\1 \2\3 \3/p'\'''

## ----------------- ##
## Output variables. ##
## ----------------- ##

ACLOCAL='${SHELL} /Users/julienvincenot/PWGL-User/User-library/sdif/SDIF-3.10.5-src/missing --run aclocal-1.6'
AMDEPBACKSLASH='\'
AMDEP_FALSE='#'
AMDEP_TRUE=''
AMTAR='${SHELL} /Users/julienvincenot/PWGL-User/User-library/sdif/SDIF-3.10.5-src/missing --run tar'
AUTOCONF='${SHELL} /Users/julienvincenot/PWGL-User/User-library/sdif/SDIF-3.10.5-src/missing --run autoconf'
AUTOHEADER='${SHELL} /Users/julienvincenot/PWGL-User/User-library/sdif/SDIF-3.10.5-src/missing --run autoheader'
AUTOMAKE='${SHELL} /Users/julienvincenot/PWGL-User/User-library/sdif/SDIF-3.10.5-src/missing --run automake-1.6'
AWK='awk'
CC='gcc'
CCDEPMODE='depmode=gcc3'
CFLAGS=' -O3 -D_THREAD_SAFE '
COND_COMPILE_DOC_FALSE=''
COND_COMPILE_DOC_TRUE='#'
CPP='gcc -E'
CPPFLAGS=''
CXX=''
CXXDEPMODE=''
CXXFLAGS=''
DEFS='-DHAVE_CONFIG_H'
DEPDIR='.deps'
ECHO='/bin/echo'
ECHO_C='ECHO_N=''
ECHO_T=''
EGREP='grep -E'
ENABLECPP_FALSE=''
ENABLECPP_TRUE='#'
EXEEXT=''
HAVE_PTHREAD=''
INSTALL_DATA='${INSTALL} -m 644'
INSTALL_PROGRAM='${INSTALL}'
INSTALL_SCRIPT='${INSTALL}'
INSTALL_STRIP_PROGRAM='${SHELL} $(install_sh) -c -s'
LDFLAGS=''
LIBOBJS=''
LIBS=' '
LIBTOOL='$(SHELL) $(top_builddir)/libtool'
LN_S='ln -s'
LTLIBOBJS=''
MAKEINFO='${SHELL} /Users/julienvincenot/PWGL-User/User-library/sdif/SDIF-3.10.5-src/missing --run makeinfo'
OBJEXT='o'
PACKAGE='SDIF'
PACKAGE_BUGREPORT=''
PACKAGE_NAME=''
PACKAGE_STRING=''
PACKAGE_TARNAME=''
PACKAGE_VERSION=''
PATH_SEPARATOR=':'
PROGLIST='querysdif$(EXEEXT) sdifextract$(EXEEXT) sdiftotext$(EXEEXT) tosdif$(EXEEXT)'
PTHREAD_CC='gcc'
PTHREAD_CFLAGS='-D_THREAD_SAFE '
PTHREAD_LIBS=''
RANLIB='ranlib'
SDIF_VERSION_MAJOR='3'
SDIF_VERSION_MINOR='10'
SDIF_VERSION_RELEASE='5'
SELLIB='libsdif.la'
SELLIBCPP=''
SET_MAKE=''
SHELL='/bin/sh'
STRIP='strip'
VERSION='3.10.5'
ac_ct_CC='gcc'
ac_ct_CXX=''
ac_ct_RANLIB='ranlib'
ac_ct_STRIP='strip'
acx_pthread_config=''
am__include='include'
am__quote=''
bindir='${exec_prefix}/bin'
build='i686-apple-darwin14.3.0'
build_alias=''
build_cpu='i686'
build_os='darwin14.3.0'
build_vendor='apple'
datadir='${prefix}/share'
exec_prefix='${prefix}'
host='i686-apple-darwin14.3.0'
host_alias=''
host_cpu='i686'
host_os='darwin14.3.0'
host_vendor='apple'
includedir='${prefix}/include'
infodir='${prefix}/info'
install_sh='/Users/julienvincenot/PWGL-User/User-library/sdif/SDIF-3.10.5-src/install-sh'
libdir='${exec_prefix}/lib'
libexecdir='${exec_prefix}/libexec'
localstatedir='${prefix}/var'
mandir='${prefix}/man'
oldincludedir='/usr/include'
prefix='/Users/julienvincenot/PWGL-User/User-library/sdif/'
program_transform_name='s,x,x,'
sbindir='${exec_prefix}/sbin'
sharedstatedir='${prefix}/com'
sysconfdir='${prefix}/etc'
target_alias=''

## ----------- ##
## confdefs.h. ##
## ----------- ##

#define HAVE_DLFCN_H 1
#define HAVE_ERRNO_H 1
#define HAVE_FTRUNCATE 1
#define HAVE_GETENV 1
#define HAVE_INTTYPES_H 1
#define HAVE_MEMORY_H 1
#define HAVE_PTHREAD 1
#define HAVE_STDINT_H 1
#define HAVE_STDLIB_H 1
#define HAVE_STRINGS_H 1
#define HAVE_STRING_H 1
#define HAVE_SYS_STAT_H 1
#define HAVE_SYS_STAT_H 1
#define HAVE_SYS_TYPES_H 1
#define HAVE_SYS_TYPES_H 1
#define HAVE_UNISTD_H 1
#define HAVE_UNISTD_H 1
#define PACKAGE "SDIF"
#define PACKAGE_BUGREPORT ""
#define PACKAGE_NAME ""
#define PACKAGE_STRING ""
#define PACKAGE_TARNAME ""
#define PACKAGE_VERSION ""
#define SIZEOF_LONG 8
#define STDC_HEADERS 1
#define STDC_HEADERS 1
#define VERSION "3.10.5"

configure: exit 0
