This file contains any messages produced by compilers while
running configure, to aid debugging if configure makes a mistake.

It was created by configure, which was
generated by GNU Autoconf 2.57.  Invocation command line was

  $ ./configure 

## --------- ##
## Platform. ##
## --------- ##

hostname = hans-tutschkus-computer-2.local
uname -m = i386
uname -r = 9.5.0
uname -s = Darwin
uname -v = Darwin Kernel Version 9.5.0: Wed Sep  3 11:29:43 PDT 2008; root:xnu-1228.7.58~1/RELEASE_I386

/usr/bin/uname -p = i386
/bin/uname -X     = unknown

/bin/arch              = unknown
/usr/bin/arch -k       = unknown
/usr/convex/getsysinfo = unknown
hostinfo               = Mach kernel version:
	 Darwin Kernel Version 9.5.0: Wed Sep  3 11:29:43 PDT 2008; root:xnu-1228.7.58~1/RELEASE_I386
Kernel configured for up to 2 processors.
2 processors are physically available.
2 processors are logically available.
Processor type: i486 (Intel 80486)
Processors active: 0 1
Primary memory available: 4.00 gigabytes
Default processor set: 95 tasks, 395 threads, 2 processors
Load average: 1.14, Mach factor: 1.16
/bin/machine           = unknown
/usr/bin/oslevel       = unknown
/bin/universe          = unknown

PATH: /usr/bin
PATH: /bin
PATH: /usr/sbin
PATH: /sbin
PATH: /usr/local/bin
PATH: /usr/X11/bin


## ----------- ##
## Core tests. ##
## ----------- ##

configure:1455: result: PACKAGE NAME AND VERSION
configure:1514: checking for a BSD-compatible install
configure:1568: result: /usr/bin/install -c
configure:1579: checking whether build environment is sane
configure:1622: result: yes
configure:1655: checking for gawk
configure:1684: result: no
configure:1655: checking for mawk
configure:1684: result: no
configure:1655: checking for nawk
configure:1684: result: no
configure:1655: checking for awk
configure:1671: found /usr/bin/awk
configure:1681: result: awk
configure:1691: checking whether make sets $(MAKE)
configure:1711: result: yes
configure:1910: checking for gcc
configure:1926: found /usr/bin/gcc
configure:1936: result: gcc
configure:2180: checking for C compiler version
configure:2183: gcc --version </dev/null >&5
i686-apple-darwin8-gcc-4.0.1 (GCC) 4.0.1 (Apple Computer, Inc. build 5370)
Copyright (C) 2005 Free Software Foundation, Inc.
This is free software; see the source for copying conditions.  There is NO
warranty; not even for MERCHANTABILITY or FITNESS FOR A PARTICULAR PURPOSE.

configure:2186: $? = 0
configure:2188: gcc -v </dev/null >&5
Using built-in specs.
Target: i686-apple-darwin8
Configured with: /var/tmp/gcc/gcc-5370~2/src/configure --disable-checking -enable-werror --prefix=/usr --mandir=/share/man --enable-languages=c,objc,c++,obj-c++ --program-transform-name=/^[cg][^.-]*$/s/$/-4.0/ --with-gxx-include-dir=/include/c++/4.0.0 --with-slibdir=/usr/lib --build=powerpc-apple-darwin8 --with-arch=nocona --with-tune=generic --program-prefix= --host=i686-apple-darwin8 --target=i686-apple-darwin8
Thread model: posix
gcc version 4.0.1 (Apple Computer, Inc. build 5370)
configure:2191: $? = 0
configure:2193: gcc -V </dev/null >&5
gcc: argument to `-V' is missing
configure:2196: $? = 1
configure:2220: checking for C compiler default output
configure:2223: gcc    conftest.c  >&5
/usr/libexec/gcc/i686-apple-darwin8/4.0.1/ld: /usr/lib/gcc/i686-apple-darwin8/4.0.1/../../../libSystem.dylib unknown flags (type) of section 6 (__TEXT,__literal16) in load command 0
collect2: ld returned 1 exit status
configure:2226: $? = 1
configure: failed program was:
| #line 2199 "configure"
| /* confdefs.h.  */
| 
| #define PACKAGE_NAME ""
| #define PACKAGE_TARNAME ""
| #define PACKAGE_VERSION ""
| #define PACKAGE_STRING ""
| #define PACKAGE_BUGREPORT ""
| #define PACKAGE "SDIF"
| #define VERSION "3.10.5"
| /* end confdefs.h.  */
| 
| int
| main ()
| {
| 
|   ;
|   return 0;
| }
configure:2265: error: C compiler cannot create executables
See `config.log' for more details.

## ---------------- ##
## Cache variables. ##
## ---------------- ##

ac_cv_env_CC_set=
ac_cv_env_CC_value=
ac_cv_env_CFLAGS_set=
ac_cv_env_CFLAGS_value=
ac_cv_env_CPPFLAGS_set=
ac_cv_env_CPPFLAGS_value=
ac_cv_env_CPP_set=
ac_cv_env_CPP_value=
ac_cv_env_CXXFLAGS_set=
ac_cv_env_CXXFLAGS_value=
ac_cv_env_CXX_set=
ac_cv_env_CXX_value=
ac_cv_env_LDFLAGS_set=
ac_cv_env_LDFLAGS_value=
ac_cv_env_build_alias_set=
ac_cv_env_build_alias_value=
ac_cv_env_host_alias_set=
ac_cv_env_host_alias_value=
ac_cv_env_target_alias_set=
ac_cv_env_target_alias_value=
ac_cv_path_install='/usr/bin/install -c'
ac_cv_prog_AWK=awk
ac_cv_prog_ac_ct_CC=gcc
ac_cv_prog_make_make_set=yes

## ----------------- ##
## Output variables. ##
## ----------------- ##

ACLOCAL='${SHELL} /Users/hans/PWGL-User/User-library/sdif-svp/SDIF-3.10.5-src/missing --run aclocal-1.6'
AMDEPBACKSLASH=''
AMDEP_FALSE=''
AMDEP_TRUE=''
AMTAR='${SHELL} /Users/hans/PWGL-User/User-library/sdif-svp/SDIF-3.10.5-src/missing --run tar'
AUTOCONF='${SHELL} /Users/hans/PWGL-User/User-library/sdif-svp/SDIF-3.10.5-src/missing --run autoconf'
AUTOHEADER='${SHELL} /Users/hans/PWGL-User/User-library/sdif-svp/SDIF-3.10.5-src/missing --run autoheader'
AUTOMAKE='${SHELL} /Users/hans/PWGL-User/User-library/sdif-svp/SDIF-3.10.5-src/missing --run automake-1.6'
AWK='awk'
CC='gcc'
CCDEPMODE=''
CFLAGS=''
COND_COMPILE_DOC_FALSE=''
COND_COMPILE_DOC_TRUE=''
CPP=''
CPPFLAGS=''
CXX=''
CXXDEPMODE=''
CXXFLAGS=''
DEFS=''
DEPDIR=''
ECHO='/bin/echo'
ECHO_C='ECHO_N=''
ECHO_T=''
EGREP=''
ENABLECPP_FALSE=''
ENABLECPP_TRUE=''
EXEEXT=''
HAVE_PTHREAD=''
INSTALL_DATA='${INSTALL} -m 644'
INSTALL_PROGRAM='${INSTALL}'
INSTALL_SCRIPT='${INSTALL}'
INSTALL_STRIP_PROGRAM='${SHELL} $(install_sh) -c -s'
LDFLAGS=''
LIBOBJS=''
LIBS=''
LIBTOOL=''
LN_S=''
LTLIBOBJS=''
MAKEINFO='${SHELL} /Users/hans/PWGL-User/User-library/sdif-svp/SDIF-3.10.5-src/missing --run makeinfo'
OBJEXT=''
PACKAGE='SDIF'
PACKAGE_BUGREPORT=''
PACKAGE_NAME=''
PACKAGE_STRING=''
PACKAGE_TARNAME=''
PACKAGE_VERSION=''
PATH_SEPARATOR=':'
PROGLIST=''
PTHREAD_CC=''
PTHREAD_CFLAGS=''
PTHREAD_LIBS=''
RANLIB=''
SDIF_VERSION_MAJOR='3'
SDIF_VERSION_MINOR='10'
SDIF_VERSION_RELEASE='5'
SELLIB=''
SELLIBCPP=''
SET_MAKE=''
SHELL='/bin/sh'
STRIP=''
VERSION='3.10.5'
ac_ct_CC='gcc'
ac_ct_CXX=''
ac_ct_RANLIB=''
ac_ct_STRIP=''
acx_pthread_config=''
am__include=''
am__quote=''
bindir='${exec_prefix}/bin'
build=''
build_alias=''
build_cpu=''
build_os=''
build_vendor=''
datadir='${prefix}/share'
exec_prefix='NONE'
host=''
host_alias=''
host_cpu=''
host_os=''
host_vendor=''
includedir='${prefix}/include'
infodir='${prefix}/info'
install_sh='/Users/hans/PWGL-User/User-library/sdif-svp/SDIF-3.10.5-src/install-sh'
libdir='${exec_prefix}/lib'
libexecdir='${exec_prefix}/libexec'
localstatedir='${prefix}/var'
mandir='${prefix}/man'
oldincludedir='/usr/include'
prefix='NONE'
program_transform_name='s,x,x,'
sbindir='${exec_prefix}/sbin'
sharedstatedir='${prefix}/com'
sysconfdir='${prefix}/etc'
target_alias=''

## ----------- ##
## confdefs.h. ##
## ----------- ##

#define PACKAGE "SDIF"
#define PACKAGE_BUGREPORT ""
#define PACKAGE_NAME ""
#define PACKAGE_STRING ""
#define PACKAGE_TARNAME ""
#define PACKAGE_VERSION ""
#define VERSION "3.10.5"

configure: exit 77
